<?xml version="1.0" encoding="UTF-8"?>
<!-- Generated by org.testng.reporters.JUnitReportReporter -->
<testsuite hostname="Naganagouda" failures="0" tests="4" name="day1.Getrequest" time="8.924" errors="0" timestamp="2025-05-17T20:22:09 IST" skipped="0">
  <testcase classname="day1.Getrequest" name="deleteuser" time="0.632"/>
  <testcase classname="day1.Getrequest" name="getmethod" time="5.386"/>
  <testcase classname="day1.Getrequest" name="postmethod" time="2.350"/>
  <testcase classname="day1.Getrequest" name="updateuser" time="0.556"/>
</testsuite> <!-- day1.Getrequest -->
