<?xml version="1.0" encoding="UTF-8"?>
<!-- Generated by org.testng.reporters.JUnitReportReporter -->
<testsuite hostname="Naganagouda" failures="0" tests="4" name="day1.Getrequest" time="6.100" errors="0" timestamp="2025-05-21T13:20:48 IST" skipped="0">
  <testcase classname="day1.Getrequest" name="deleteuser" time="1.289"/>
  <testcase classname="day1.Getrequest" name="getmethod" time="1.018"/>
  <testcase classname="day1.Getrequest" name="postmethod" time="1.961"/>
  <testcase classname="day1.Getrequest" name="updateuser" time="1.832"/>
</testsuite> <!-- day1.Getrequest -->
