<?xml version="1.0" encoding="UTF-8"?>
<!-- Generated by org.testng.reporters.JUnitReportReporter -->
<testsuite hostname="Naganagouda" failures="0" tests="1" name="day1.Schemavalidator" time="2.773" errors="0" timestamp="2025-05-17T20:22:09 IST" skipped="0">
  <testcase classname="day1.Schemavalidator" name="getmethod" time="2.773"/>
</testsuite> <!-- day1.Schemavalidator -->
